var : K, (1, 1)
r : I, (1, 5)
, : D, (1, 6)
h : I, (1, 8)
, : D, (1, 9)
len : I, (1, 11)
, : D, (1, 14)
a1 : I, (1, 16)
, : D, (1, 18)
a2 : I, (1, 20)
, : D, (1, 22)
volumn : I, (1, 24)
; : D, (1, 30)
begin : K, (5, 1)
read : K, (7, 5)
( : D, (7, 9)
r : I, (7, 10)
) : D, (7, 11)
; : D, (7, 12)
read : K, (9, 5)
( : D, (9, 9)
h : I, (9, 10)
) : D, (9, 11)
; : D, (9, 12)
len : I, (13, 5)
:= : O, (13, 9)
2 : I, (13, 12)
* : O, (13, 14)
3 : I, (13, 16)
* : O, (13, 18)
r : I, (13, 20)
; : D, (13, 21)
a1 : I, (15, 5)
:= : O, (15, 8)
3 : I, (15, 11)
* : O, (15, 13)
r : I, (15, 15)
* : O, (15, 17)
r : I, (15, 19)
; : D, (15, 20)
a2 : I, (17, 5)
:= : O, (17, 8)
a1 : I, (17, 11)
+ : O, (17, 14)
a1 : I, (17, 16)
+ : O, (17, 19)
len : I, (17, 21)
* : O, (17, 25)
h : I, (17, 27)
; : D, (17, 28)
volumn : I, (19, 5)
:= : O, (19, 12)
a1 : I, (19, 15)
* : O, (19, 18)
h : I, (19, 20)
; : D, (19, 21)
write : K, (23, 5)
( : D, (23, 10)
len : I, (23, 11)
) : D, (23, 14)
; : D, (23, 15)
write : K, (25, 5)
( : D, (25, 10)
a1 : I, (25, 11)
) : D, (25, 13)
; : D, (25, 14)
write : K, (27, 5)
( : D, (27, 10)
a2 : I, (27, 11)
) : D, (27, 13)
; : D, (27, 14)
write : K, (29, 5)
( : D, (29, 10)
volumn : I, (29, 11)
) : D, (29, 17)
; : D, (29, 18)
end : K, (31, 1)
. : D, (31, 4)
