var : K, (1, 1)
m : I, (1, 5)
, : D, (1, 6)
n : I, (1, 8)
, : D, (1, 9)
r : I, (1, 11)
, : D, (1, 12)
q : I, (1, 14)
; : D, (1, 15)
procedure : K, (5, 1)
gcd : I, (5, 11)
; : D, (5, 14)
begin : K, (7, 1)
repeat : K, (9, 5)
q : I, (11, 9)
:= : O, (11, 11)
m : I, (11, 14)
/ : O, (11, 16)
n : I, (11, 18)
; : D, (11, 19)
r : I, (13, 9)
:= : O, (13, 11)
m : I, (13, 14)
- : O, (13, 16)
q : I, (13, 18)
* : O, (13, 20)
n : I, (13, 22)
; : D, (13, 23)
m : I, (15, 9)
:= : O, (15, 11)
n : I, (15, 14)
; : D, (15, 15)
n : I, (17, 9)
:= : O, (17, 11)
r : I, (17, 14)
; : D, (17, 15)
until : K, (19, 5)
r : I, (19, 11)
= : O, (19, 13)
0 : I, (19, 15)
end : K, (21, 1)
; : D, (21, 4)
begin : K, (25, 1)
read : K, (27, 5)
( : D, (27, 9)
m : I, (27, 10)
) : D, (27, 11)
; : D, (27, 12)
read : K, (29, 5)
( : D, (29, 9)
n : I, (29, 10)
) : D, (29, 11)
; : D, (29, 12)
if : K, (31, 5)
m : I, (31, 8)
< : O, (31, 10)
n : I, (31, 12)
then : K, (31, 14)
begin : K, (33, 9)
r : I, (35, 13)
:= : O, (35, 15)
m : I, (35, 18)
; : D, (35, 19)
m : I, (37, 13)
:= : O, (37, 15)
n : I, (37, 18)
; : D, (37, 19)
n : I, (39, 13)
:= : O, (39, 15)
r : I, (39, 18)
; : D, (39, 19)
end : K, (41, 9)
; : D, (41, 12)
begin : K, (45, 5)
call : K, (47, 9)
gcd : I, (47, 14)
; : D, (47, 17)
write : K, (49, 9)
( : D, (49, 14)
m : I, (49, 15)
) : D, (49, 16)
; : D, (49, 17)
end : K, (51, 5)
; : D, (51, 8)
end : K, (53, 1)
. : D, (53, 4)
