var : K, (3, 1)
a : I, (3, 5)
, : D, (3, 6)
b : I, (3, 8)
, : D, (3, 9)
c : I, (3, 11)
, : D, (3, 12)
max : I, (3, 14)
; : D, (3, 17)
procedure : K, (7, 1)
P : I, (7, 11)
; : D, (7, 12)
begin : K, (9, 1)
read : K, (11, 5)
( : D, (11, 9)
a : I, (11, 10)
) : D, (11, 11)
; : D, (11, 12)
read : K, (13, 5)
( : D, (13, 9)
b : I, (13, 10)
) : D, (13, 11)
; : D, (13, 12)
read : K, (15, 5)
( : D, (15, 9)
c : I, (15, 10)
) : D, (15, 11)
; : D, (15, 12)
if : K, (17, 5)
a : I, (17, 8)
> : O, (17, 10)
b : I, (17, 12)
then : K, (19, 5)
max : I, (19, 10)
:= : O, (19, 14)
a : I, (19, 17)
else : I, (21, 5)
max : I, (21, 10)
:= : O, (21, 14)
b : I, (21, 17)
; : D, (21, 18)
if : K, (25, 5)
max : I, (25, 8)
> : O, (25, 12)
c : I, (25, 14)
then : K, (27, 5)
max : I, (27, 10)
:= : O, (27, 14)
max : I, (27, 17)
else : I, (29, 5)
max : I, (29, 10)
:= : O, (29, 14)
c : I, (29, 17)
; : D, (29, 18)
write : K, (33, 5)
( : D, (33, 10)
max : I, (33, 11)
) : D, (33, 14)
; : D, (33, 15)
end : K, (35, 1)
; : D, (35, 4)
call : K, (39, 1)
P : I, (39, 6)
. : D, (39, 7)
