var : K, (1, 1)
a : I, (1, 5)
, : D, (1, 6)
b : I, (1, 8)
, : D, (1, 9)
n : I, (1, 11)
, : D, (1, 12)
sum : I, (1, 14)
; : D, (1, 17)
begin : K, (5, 1)
read : K, (7, 5)
( : D, (7, 9)
a : I, (7, 10)
) : D, (7, 11)
; : D, (7, 12)
read : K, (9, 5)
( : D, (9, 9)
n : I, (9, 10)
) : D, (9, 11)
; : D, (9, 12)
if : K, (11, 5)
n : I, (11, 8)
> : O, (11, 10)
0 : I, (11, 12)
then : K, (11, 14)
if : K, (13, 9)
n : I, (13, 12)
< : O, (13, 14)
10 : I, (13, 16)
then : K, (13, 19)
begin : K, (15, 13)
b : I, (17, 17)
:= : O, (17, 19)
a : I, (17, 22)
; : D, (17, 23)
sum : I, (19, 17)
:= : O, (19, 21)
0 : I, (19, 24)
; : D, (19, 25)
repeat : K, (21, 17)
sum : I, (23, 21)
:= : O, (23, 25)
sum : I, (23, 28)
+ : O, (23, 32)
b : I, (23, 34)
; : D, (23, 35)
b : I, (25, 21)
:= : O, (25, 23)
b : I, (25, 26)
* : O, (25, 28)
10 : I, (25, 30)
+ : O, (25, 33)
a : I, (25, 35)
; : D, (25, 36)
n : I, (27, 21)
:= : O, (27, 23)
n : I, (27, 26)
- : O, (27, 28)
1 : I, (27, 30)
; : D, (27, 31)
until : K, (29, 17)
n : I, (29, 23)
= : O, (29, 25)
0 : I, (29, 27)
; : D, (29, 28)
end : K, (31, 13)
; : D, (31, 16)
write : K, (33, 5)
( : D, (33, 10)
sum : I, (33, 11)
) : D, (33, 14)
; : D, (33, 15)
end : K, (35, 1)
. : D, (35, 4)
