var : K, (1, 1)
n : I, (1, 5)
, : D, (1, 6)
m : I, (1, 8)
, : D, (1, 9)
fact : I, (1, 11)
, : D, (1, 15)
sum : I, (1, 17)
; : D, (1, 20)
procedure : K, (5, 1)
factorial : I, (5, 11)
; : D, (5, 20)
begin : K, (7, 1)
if : K, (9, 5)
m : I, (9, 8)
> : O, (9, 10)
0 : I, (9, 12)
then : K, (9, 14)
begin : K, (11, 9)
fact : I, (13, 13)
:= : O, (13, 18)
fact : I, (13, 21)
* : O, (13, 26)
m : I, (13, 28)
; : D, (13, 29)
m : I, (15, 13)
:= : O, (15, 15)
m : I, (15, 18)
- : O, (15, 20)
1 : I, (15, 22)
; : D, (15, 23)
call : K, (17, 13)
factorial : I, (17, 18)
; : D, (17, 27)
end : K, (19, 9)
; : D, (19, 12)
end : K, (21, 1)
; : D, (21, 4)
begin : K, (25, 1)
read : K, (27, 5)
( : D, (27, 9)
n : I, (27, 10)
) : D, (27, 11)
; : D, (27, 12)
sum : I, (29, 5)
:= : O, (29, 9)
0 : I, (29, 12)
; : D, (29, 13)
while : K, (31, 5)
n : I, (31, 11)
> : O, (31, 13)
0 : I, (31, 15)
do : K, (31, 17)
begin : K, (33, 9)
m : I, (35, 13)
:= : O, (35, 15)
n : I, (35, 18)
; : D, (35, 19)
fact : I, (37, 13)
:= : O, (37, 18)
1 : I, (37, 21)
; : D, (37, 22)
call : K, (39, 13)
factorial : I, (39, 18)
; : D, (39, 27)
if : K, (41, 13)
fact : I, (41, 16)
> : O, (41, 21)
20 : I, (41, 23)
then : K, (41, 26)
write : K, (41, 31)
( : D, (41, 37)
n : I, (41, 38)
) : D, (41, 39)
; : D, (41, 40)
sum : I, (43, 13)
:= : O, (43, 18)
sum : I, (43, 21)
+ : O, (43, 25)
fact : I, (43, 27)
; : D, (43, 31)
n : I, (45, 13)
:= : O, (45, 15)
n : I, (45, 18)
- : O, (45, 20)
1 : I, (45, 22)
; : D, (45, 23)
end : K, (47, 9)
; : D, (47, 12)
write : K, (49, 5)
( : D, (49, 10)
sum : I, (49, 11)
) : D, (49, 14)
; : D, (49, 15)
end : K, (51, 1)
. : D, (51, 4)
