var : K, (1, 1)
i : I, (1, 5)
, : D, (1, 6)
j : I, (1, 7)
, : D, (1, 8)
a : I, (1, 9)
( : D, (1, 10)
1 : I, (1, 11)
: : D, (1, 12)
10 : I, (1, 13)
) : D, (1, 15)
; : D, (1, 16)
string : K, (3, 1)
b : I, (3, 8)
; : D, (3, 9)
float : K, (5, 1)
c : I, (5, 7)
; : D, (5, 8)
for : K, (9, 1)
i : I, (9, 5)
= : O, (9, 7)
1 : I, (9, 9)
to : K, (9, 11)
10 : I, (9, 14)
step : K, (9, 17)
1 : I, (9, 22)
b : I, (11, 5)
= : O, (11, 7)
b : I, (11, 9)
+ : O, (11, 11)
"aaa" : C, (11, 13)
; : D, (11, 18)
c : I, (13, 5)
= : O, (13, 7)
c : I, (13, 9)
+ : O, (13, 11)
0.5 : C, (13, 13)
; : D, (13, 16)
j : I, (15, 1)
= : O, (15, 3)
1 : I, (15, 5)
; : D, (15, 6)
repeat : K, (17, 1)
a : I, (19, 5)
( : D, (19, 6)
j : I, (19, 7)
) : D, (19, 8)
= : O, (19, 10)
j : I, (19, 12)
j : I, (21, 5)
= : O, (21, 7)
j : I, (21, 9)
+ : O, (21, 11)
1 : I, (21, 13)
until : K, (23, 1)
j : I, (23, 7)
= : O, (23, 9)
10 : I, (23, 11)
; : D, (23, 13)
var : K, (25, 1)
Warning: identifier length is longer than 10.
asd1234567890asd : I, (25, 5)
= : O, (25, 22)
Warning: integer length is longer than 10.
-12345678901 : C, (25, 24)
; : D, (25, 36)
@ : T, (29, 1)
00hhh : I, (31, 1)
# : T, (33, 1)
$ : T, (33, 2)
% : T, (33, 3)
^ : T, (33, 4)
_asdf : I, (35, 1)
0.01e-1 : C, (37, 1)
